2 12
 0: -1  0
 1: -1  0
 2: -1  0
 3:  1  0
 4:  1  0
 5:  1  0
 6:  0  1
 7:  0  1
 8:  0  1
 9:  0 -1
10:  0 -1
11:  0 -1
Faces:
  0  3;  coeffs: 0.000000 0.000000
  0  4;  coeffs: 0.000000 0.000000
  0  5;  coeffs: 0.000000 0.000000
  1  3;  coeffs: 0.000000 0.000000
  1  4;  coeffs: 0.000000 0.000000
  1  5;  coeffs: 0.000000 0.000000
  2  3;  coeffs: 0.000000 0.000000
  2  4;  coeffs: 0.000000 0.000000
  2  5;  coeffs: 0.000000 0.000000
  6  9;  coeffs: 0.000000 0.000000
  6 10;  coeffs: 0.000000 0.000000
  6 11;  coeffs: 0.000000 0.000000
  7  9;  coeffs: 0.000000 0.000000
  7 10;  coeffs: 0.000000 0.000000
  7 11;  coeffs: 0.000000 0.000000
  8  9;  coeffs: 0.000000 0.000000
  8 10;  coeffs: 0.000000 0.000000
  8 11;  coeffs: 0.000000 0.000000
N(2-cofaces) = 18, 0 clicks (0.000 seconds)
N(3-cofaces) = 0, 0 clicks (0.000 seconds)
Vertices: 12, Edges: 66, 0 clicks (0.000 seconds)
