2 8
 0: -1  0
 1: -1  1
 2:  0  1
 3:  1  1
 4:  1  0
 5:  1 -1
 6:  0 -1
 7: -1 -1
Faces:
  0  4;  coeffs: 0.000000 0.000000
  1  5;  coeffs: 0.000000 0.000000
  2  6;  coeffs: 0.000000 0.000000
  3  7;  coeffs: 0.000000 0.000000
N(2-cofaces) = 4, 0 clicks (0.000 seconds)
  0  2  5;  coeffs: 0.000000 0.000000 0.000000
  0  3  5;  coeffs: 0.000000 0.000000 0.000000
  0  3  6;  coeffs: 0.000000 0.000000 0.000000
  1  3  6;  coeffs: 0.000000 0.000000 0.000000
  1  4  6;  coeffs: 0.000000 0.000000 0.000000
  1  4  7;  coeffs: 0.000000 0.000000 0.000000
  2  4  7;  coeffs: 0.000000 0.000000 0.000000
  2  5  7;  coeffs: 0.000000 0.000000 0.000000
N(3-cofaces) = 8, 0 clicks (0.000 seconds)
Vertices: 8, Edges: 28, 0 clicks (0.000 seconds)
